  [1m[35m (1527.9ms)[0m  [1m[35mCREATE DATABASE "sizzler_development" ENCODING = 'unicode'[0m
  ↳ bin/rails:9
  [1m[35m (830.2ms)[0m  [1m[35mCREATE DATABASE "sizzler_test" ENCODING = 'unicode'[0m
  ↳ bin/rails:9
  [1m[35m (93.0ms)[0m  [1m[35mCREATE TABLE "schema_migrations" ("version" character varying NOT NULL PRIMARY KEY)[0m
  ↳ bin/rails:9
  [1m[35m (33.4ms)[0m  [1m[35mCREATE TABLE "ar_internal_metadata" ("key" character varying NOT NULL PRIMARY KEY, "value" character varying, "created_at" timestamp NOT NULL, "updated_at" timestamp NOT NULL)[0m
  ↳ bin/rails:9
  [1m[35m (0.7ms)[0m  [1m[34mSELECT pg_try_advisory_lock(2884054537869695505)[0m
  ↳ bin/rails:9
  [1m[35m (3.6ms)[0m  [1m[34mSELECT "schema_migrations"."version" FROM "schema_migrations" ORDER BY "schema_migrations"."version" ASC[0m
  ↳ bin/rails:9
Migrating to CreateUsers (20220128011302)
  [1m[35m (39.6ms)[0m  [1m[35mBEGIN[0m
  ↳ bin/rails:9
  [1m[35m (52.2ms)[0m  [1m[35mCREATE TABLE "users" ("id" bigserial primary key, "username" character varying NOT NULL, "email" character varying, "country" character varying NOT NULL, "age" integer NOT NULL, "created_at" timestamp NOT NULL, "updated_at" timestamp NOT NULL)[0m
  ↳ db/migrate/20220128011302_create_users.rb:3
  [1m[35m (24.0ms)[0m  [1m[35mCREATE UNIQUE INDEX  "index_users_on_username" ON "users"  ("username")[0m
  ↳ db/migrate/20220128011302_create_users.rb:10
  [1m[35m (8.0ms)[0m  [1m[35mCREATE  INDEX  "index_users_on_email" ON "users"  ("email")[0m
  ↳ db/migrate/20220128011302_create_users.rb:11
  [1m[36mActiveRecord::SchemaMigration Create (35.2ms)[0m  [1m[32mINSERT INTO "schema_migrations" ("version") VALUES ($1) RETURNING "version"[0m  [["version", "20220128011302"]]
  ↳ bin/rails:9
  [1m[35m (3.4ms)[0m  [1m[35mCOMMIT[0m
  ↳ bin/rails:9
  [1m[36mActiveRecord::InternalMetadata Load (3.7ms)[0m  [1m[34mSELECT  "ar_internal_metadata".* FROM "ar_internal_metadata" WHERE "ar_internal_metadata"."key" = $1 LIMIT $2[0m  [["key", "environment"], ["LIMIT", 1]]
  ↳ bin/rails:9
  [1m[35m (0.7ms)[0m  [1m[35mBEGIN[0m
  ↳ bin/rails:9
  [1m[36mActiveRecord::InternalMetadata Create (50.9ms)[0m  [1m[32mINSERT INTO "ar_internal_metadata" ("key", "value", "created_at", "updated_at") VALUES ($1, $2, $3, $4) RETURNING "key"[0m  [["key", "environment"], ["value", "development"], ["created_at", "2022-01-28 01:32:03.912291"], ["updated_at", "2022-01-28 01:32:03.912291"]]
  ↳ bin/rails:9
  [1m[35m (4.1ms)[0m  [1m[35mCOMMIT[0m
  ↳ bin/rails:9
  [1m[35m (0.6ms)[0m  [1m[34mSELECT pg_advisory_unlock(2884054537869695505)[0m
  ↳ bin/rails:9
  [1m[35m (5.1ms)[0m  [1m[34mSELECT "schema_migrations"."version" FROM "schema_migrations" ORDER BY "schema_migrations"."version" ASC[0m
  ↳ bin/rails:9
  [1m[35m (0.2ms)[0m  [1m[34mSELECT pg_try_advisory_lock(2884054537869695505)[0m
  ↳ bin/rails:9
  [1m[35m (9.6ms)[0m  [1m[34mSELECT "schema_migrations"."version" FROM "schema_migrations" ORDER BY "schema_migrations"."version" ASC[0m
  ↳ bin/rails:9
Migrating to CreateItems (20220128013411)
  [1m[35m (0.2ms)[0m  [1m[35mBEGIN[0m
  ↳ bin/rails:9
  [1m[35m (37.2ms)[0m  [1m[35mCREATE TABLE "items" ("id" bigserial primary key, "product_name" character varying NOT NULL, "product_description" text, "price" float NOT NULL, "seller_id" integer NOT NULL, "created_at" timestamp NOT NULL, "updated_at" timestamp NOT NULL)[0m
  ↳ db/migrate/20220128013411_create_items.rb:3
  [1m[35m (4.4ms)[0m  [1m[35mCREATE  INDEX  "index_items_on_seller_id" ON "items"  ("seller_id")[0m
  ↳ db/migrate/20220128013411_create_items.rb:10
  [1m[36mActiveRecord::SchemaMigration Create (1.4ms)[0m  [1m[32mINSERT INTO "schema_migrations" ("version") VALUES ($1) RETURNING "version"[0m  [["version", "20220128013411"]]
  ↳ bin/rails:9
  [1m[35m (15.7ms)[0m  [1m[35mCOMMIT[0m
  ↳ bin/rails:9
  [1m[36mActiveRecord::InternalMetadata Load (42.0ms)[0m  [1m[34mSELECT  "ar_internal_metadata".* FROM "ar_internal_metadata" WHERE "ar_internal_metadata"."key" = $1 LIMIT $2[0m  [["key", "environment"], ["LIMIT", 1]]
  ↳ bin/rails:9
  [1m[35m (0.2ms)[0m  [1m[35mBEGIN[0m
  ↳ bin/rails:9
  [1m[35m (0.2ms)[0m  [1m[35mCOMMIT[0m
  ↳ bin/rails:9
  [1m[35m (0.4ms)[0m  [1m[34mSELECT pg_advisory_unlock(2884054537869695505)[0m
  ↳ bin/rails:9
  [1m[35m (0.4ms)[0m  [1m[34mSELECT "schema_migrations"."version" FROM "schema_migrations" ORDER BY "schema_migrations"."version" ASC[0m
  ↳ bin/rails:9
  [1m[35m (2.1ms)[0m  [1m[34mSELECT "schema_migrations"."version" FROM "schema_migrations" ORDER BY "schema_migrations"."version" ASC[0m
  ↳ /Users/christopherdellacqua/.rbenv/versions/2.5.1/bin/annotate:23
  [1m[35m (5.9ms)[0m  [1m[35mBEGIN[0m
  [1m[36mUser Exists (2.8ms)[0m  [1m[34mSELECT  1 AS one FROM "users" WHERE "users"."username" = $1 LIMIT $2[0m  [["username", "mike_is_mad_son"], ["LIMIT", 1]]
  [1m[36mUser Create (11.1ms)[0m  [1m[32mINSERT INTO "users" ("username", "country", "age", "created_at", "updated_at") VALUES ($1, $2, $3, $4, $5) RETURNING "id"[0m  [["username", "mike_is_mad_son"], ["country", "Canada"], ["age", 37], ["created_at", "2022-01-28 01:57:33.659288"], ["updated_at", "2022-01-28 01:57:33.659288"]]
  [1m[35m (35.5ms)[0m  [1m[35mCOMMIT[0m
  [1m[35m (0.2ms)[0m  [1m[35mBEGIN[0m
  [1m[36mUser Load (0.9ms)[0m  [1m[34mSELECT  "users".* FROM "users" WHERE "users"."id" = $1 LIMIT $2[0m  [["id", 1], ["LIMIT", 1]]
  [1m[36mItem Create (38.6ms)[0m  [1m[32mINSERT INTO "items" ("product_name", "product_description", "price", "seller_id", "created_at", "updated_at") VALUES ($1, $2, $3, $4, $5, $6) RETURNING "id"[0m  [["product_name", "Explosive Crepe"], ["product_description", "Has maple syrup, too!"], ["price", 99.99], ["seller_id", 1], ["created_at", "2022-01-28 02:00:29.708733"], ["updated_at", "2022-01-28 02:00:29.708733"]]
  [1m[35m (1.6ms)[0m  [1m[35mCOMMIT[0m
  [1m[36mUser Load (2.5ms)[0m  [1m[34mSELECT "users".* FROM "users"[0m
  [1m[36mItem Load (12.3ms)[0m  [1m[34mSELECT "items".* FROM "items"[0m
  [1m[36mUser Load (18.0ms)[0m  [1m[34mSELECT  "users".* FROM "users" ORDER BY "users"."id" ASC LIMIT $1[0m  [["LIMIT", 1]]
  [1m[36mItem Load (4.5ms)[0m  [1m[34mSELECT "items".* FROM "items" WHERE "items"."seller_id" = $1[0m  [["seller_id", 1]]
  [1m[36mItem Load (2.5ms)[0m  [1m[34mSELECT  "items".* FROM "items" ORDER BY "items"."id" ASC LIMIT $1[0m  [["LIMIT", 1]]
  [1m[36mUser Load (2.8ms)[0m  [1m[34mSELECT  "users".* FROM "users" WHERE "users"."id" = $1 LIMIT $2[0m  [["id", 1], ["LIMIT", 1]]
  [1m[36mItem Load (5.3ms)[0m  [1m[34mSELECT  "items".* FROM "items" WHERE "items"."id" = $1 LIMIT $2[0m  [["id", 1], ["LIMIT", 1]]
  [1m[35m (4.0ms)[0m  [1m[34mSELECT "schema_migrations"."version" FROM "schema_migrations" ORDER BY "schema_migrations"."version" ASC[0m
  ↳ bin/rails:9
  [1m[35m (2.0ms)[0m  [1m[34mSELECT "schema_migrations"."version" FROM "schema_migrations" ORDER BY "schema_migrations"."version" ASC[0m
  ↳ bin/rails:9
  [1m[36mUser Load (38.8ms)[0m  [1m[34mSELECT "users".* FROM "users"[0m
  ↳ db/seeds.rb:9
  [1m[35m (41.0ms)[0m  [1m[35mBEGIN[0m
  ↳ db/seeds.rb:9
  [1m[36mUser Destroy (45.5ms)[0m  [1m[31mDELETE FROM "users" WHERE "users"."id" = $1[0m  [["id", 1]]
  ↳ db/seeds.rb:9
  [1m[35m (3.5ms)[0m  [1m[35mCOMMIT[0m
  ↳ db/seeds.rb:9
  [1m[36mItem Load (42.6ms)[0m  [1m[34mSELECT "items".* FROM "items"[0m
  ↳ db/seeds.rb:10
  [1m[35m (0.3ms)[0m  [1m[35mBEGIN[0m
  ↳ db/seeds.rb:10
  [1m[36mItem Destroy (0.7ms)[0m  [1m[31mDELETE FROM "items" WHERE "items"."id" = $1[0m  [["id", 1]]
  ↳ db/seeds.rb:10
  [1m[35m (0.2ms)[0m  [1m[35mCOMMIT[0m
  ↳ db/seeds.rb:10
  [1m[35m (0.1ms)[0m  [1m[35mBEGIN[0m
  ↳ db/seeds.rb:12
  [1m[36mUser Exists (1.6ms)[0m  [1m[34mSELECT  1 AS one FROM "users" WHERE "users"."username" = $1 LIMIT $2[0m  [["username", "ryan_the_goat"], ["LIMIT", 1]]
  ↳ db/seeds.rb:12
  [1m[36mUser Create (45.3ms)[0m  [1m[32mINSERT INTO "users" ("username", "email", "country", "age", "created_at", "updated_at") VALUES ($1, $2, $3, $4, $5, $6) RETURNING "id"[0m  [["username", "ryan_the_goat"], ["email", "ry@email.com"], ["country", "USA"], ["age", 32], ["created_at", "2022-02-03 01:15:49.507256"], ["updated_at", "2022-02-03 01:15:49.507256"]]
  ↳ db/seeds.rb:12
  [1m[35m (0.3ms)[0m  [1m[35mCOMMIT[0m
  ↳ db/seeds.rb:12
  [1m[35m (0.1ms)[0m  [1m[35mBEGIN[0m
  ↳ db/seeds.rb:19
  [1m[36mUser Exists (0.3ms)[0m  [1m[34mSELECT  1 AS one FROM "users" WHERE "users"."username" = $1 LIMIT $2[0m  [["username", "ben_benassi"], ["LIMIT", 1]]
  ↳ db/seeds.rb:19
  [1m[36mUser Create (0.4ms)[0m  [1m[32mINSERT INTO "users" ("username", "email", "country", "age", "created_at", "updated_at") VALUES ($1, $2, $3, $4, $5, $6) RETURNING "id"[0m  [["username", "ben_benassi"], ["email", "get_benjamins@email.com"], ["country", "Italy"], ["age", 54], ["created_at", "2022-02-03 01:15:49.555975"], ["updated_at", "2022-02-03 01:15:49.555975"]]
  ↳ db/seeds.rb:19
  [1m[35m (0.4ms)[0m  [1m[35mCOMMIT[0m
  ↳ db/seeds.rb:19
  [1m[35m (0.1ms)[0m  [1m[35mBEGIN[0m
  ↳ db/seeds.rb:26
  [1m[36mUser Exists (0.3ms)[0m  [1m[34mSELECT  1 AS one FROM "users" WHERE "users"."username" = $1 LIMIT $2[0m  [["username", "ivan_the_terrible"], ["LIMIT", 1]]
  ↳ db/seeds.rb:26
  [1m[36mUser Create (0.4ms)[0m  [1m[32mINSERT INTO "users" ("username", "email", "country", "age", "created_at", "updated_at") VALUES ($1, $2, $3, $4, $5, $6) RETURNING "id"[0m  [["username", "ivan_the_terrible"], ["email", "ivanemail@email.com"], ["country", "Russia"], ["age", 10], ["created_at", "2022-02-03 01:15:49.559485"], ["updated_at", "2022-02-03 01:15:49.559485"]]
  ↳ db/seeds.rb:26
  [1m[35m (2.6ms)[0m  [1m[35mCOMMIT[0m
  ↳ db/seeds.rb:26
  [1m[35m (0.2ms)[0m  [1m[35mBEGIN[0m
  ↳ db/seeds.rb:33
  [1m[36mUser Exists (0.4ms)[0m  [1m[34mSELECT  1 AS one FROM "users" WHERE "users"."username" = $1 LIMIT $2[0m  [["username", "paulito"], ["LIMIT", 1]]
  ↳ db/seeds.rb:33
  [1m[36mUser Create (0.6ms)[0m  [1m[32mINSERT INTO "users" ("username", "email", "country", "age", "created_at", "updated_at") VALUES ($1, $2, $3, $4, $5, $6) RETURNING "id"[0m  [["username", "paulito"], ["email", "bocanegra_grande@gmail.com"], ["country", "Peru"], ["age", 28], ["created_at", "2022-02-03 01:15:49.566405"], ["updated_at", "2022-02-03 01:15:49.566405"]]
  ↳ db/seeds.rb:33
  [1m[35m (1.2ms)[0m  [1m[35mCOMMIT[0m
  ↳ db/seeds.rb:33
  [1m[35m (0.1ms)[0m  [1m[35mBEGIN[0m
  ↳ db/seeds.rb:40
  [1m[36mUser Load (0.3ms)[0m  [1m[34mSELECT  "users".* FROM "users" WHERE "users"."id" = $1 LIMIT $2[0m  [["id", 2], ["LIMIT", 1]]
  ↳ db/seeds.rb:40
  [1m[36mItem Create (1.3ms)[0m  [1m[32mINSERT INTO "items" ("product_name", "product_description", "price", "seller_id", "created_at", "updated_at") VALUES ($1, $2, $3, $4, $5, $6) RETURNING "id"[0m  [["product_name", "Sandbag"], ["product_description", "Heavy cuz of the sand"], ["price", 49.99], ["seller_id", 2], ["created_at", "2022-02-03 01:15:49.621887"], ["updated_at", "2022-02-03 01:15:49.621887"]]
  ↳ db/seeds.rb:40
  [1m[35m (0.3ms)[0m  [1m[35mCOMMIT[0m
  ↳ db/seeds.rb:40
  [1m[35m (0.1ms)[0m  [1m[35mBEGIN[0m
  ↳ db/seeds.rb:47
  [1m[36mUser Load (0.5ms)[0m  [1m[34mSELECT  "users".* FROM "users" WHERE "users"."id" = $1 LIMIT $2[0m  [["id", 2], ["LIMIT", 1]]
  ↳ db/seeds.rb:47
  [1m[36mItem Create (0.7ms)[0m  [1m[32mINSERT INTO "items" ("product_name", "product_description", "price", "seller_id", "created_at", "updated_at") VALUES ($1, $2, $3, $4, $5, $6) RETURNING "id"[0m  [["product_name", "Shovel"], ["product_description", "Digs real good "], ["price", 109.99], ["seller_id", 2], ["created_at", "2022-02-03 01:15:49.626738"], ["updated_at", "2022-02-03 01:15:49.626738"]]
  ↳ db/seeds.rb:47
  [1m[35m (4.2ms)[0m  [1m[35mCOMMIT[0m
  ↳ db/seeds.rb:47
  [1m[35m (0.2ms)[0m  [1m[35mBEGIN[0m
  ↳ db/seeds.rb:54
  [1m[36mUser Load (0.3ms)[0m  [1m[34mSELECT  "users".* FROM "users" WHERE "users"."id" = $1 LIMIT $2[0m  [["id", 3], ["LIMIT", 1]]
  ↳ db/seeds.rb:54
  [1m[36mItem Create (0.5ms)[0m  [1m[32mINSERT INTO "items" ("product_name", "product_description", "price", "seller_id", "created_at", "updated_at") VALUES ($1, $2, $3, $4, $5, $6) RETURNING "id"[0m  [["product_name", "Binocular"], ["product_description", "You can see over 1000 ft away!"], ["price", 12.99], ["seller_id", 3], ["created_at", "2022-02-03 01:15:49.638996"], ["updated_at", "2022-02-03 01:15:49.638996"]]
  ↳ db/seeds.rb:54
  [1m[35m (1.1ms)[0m  [1m[35mCOMMIT[0m
  ↳ db/seeds.rb:54
  [1m[35m (0.1ms)[0m  [1m[35mBEGIN[0m
  ↳ db/seeds.rb:61
  [1m[36mUser Load (0.7ms)[0m  [1m[34mSELECT  "users".* FROM "users" WHERE "users"."id" = $1 LIMIT $2[0m  [["id", 4], ["LIMIT", 1]]
  ↳ db/seeds.rb:61
  [1m[36mItem Create (1.3ms)[0m  [1m[32mINSERT INTO "items" ("product_name", "product_description", "price", "seller_id", "created_at", "updated_at") VALUES ($1, $2, $3, $4, $5, $6) RETURNING "id"[0m  [["product_name", "Book of matches"], ["product_description", "They even work when wet"], ["price", 0.99], ["seller_id", 4], ["created_at", "2022-02-03 01:15:49.645192"], ["updated_at", "2022-02-03 01:15:49.645192"]]
  ↳ db/seeds.rb:61
  [1m[35m (0.3ms)[0m  [1m[35mCOMMIT[0m
  ↳ db/seeds.rb:61
  [1m[35m (0.2ms)[0m  [1m[35mBEGIN[0m
  ↳ db/seeds.rb:68
  [1m[36mUser Load (0.6ms)[0m  [1m[34mSELECT  "users".* FROM "users" WHERE "users"."id" = $1 LIMIT $2[0m  [["id", 5], ["LIMIT", 1]]
  ↳ db/seeds.rb:68
  [1m[36mItem Create (0.4ms)[0m  [1m[32mINSERT INTO "items" ("product_name", "product_description", "price", "seller_id", "created_at", "updated_at") VALUES ($1, $2, $3, $4, $5, $6) RETURNING "id"[0m  [["product_name", "Cup of dirt"], ["product_description", "Its a cup...with dirt in it"], ["price", 999.99], ["seller_id", 5], ["created_at", "2022-02-03 01:15:49.652499"], ["updated_at", "2022-02-03 01:15:49.652499"]]
  ↳ db/seeds.rb:68
  [1m[35m (0.3ms)[0m  [1m[35mCOMMIT[0m
  ↳ db/seeds.rb:68
  [1m[36mUser Load (3.4ms)[0m  [1m[34mSELECT "users".* FROM "users"[0m
Started GET "/users" for ::1 at 2022-02-02 17:46:43 -0800
  [1m[35m (14.0ms)[0m  [1m[34mSELECT "schema_migrations"."version" FROM "schema_migrations" ORDER BY "schema_migrations"."version" ASC[0m
  ↳ /Users/christopherdellacqua/.rbenv/versions/2.5.1/lib/ruby/gems/2.5.0/gems/activerecord-5.2.6/lib/active_record/log_subscriber.rb:98
Processing by UsersController#index as */*
  Parameters: {"user"=>{"age"=>"49"}}
  [1m[36mUser Load (5.4ms)[0m  [1m[34mSELECT "users".* FROM "users"[0m
  ↳ app/controllers/users_controller.rb:4
Completed 200 OK in 87ms (Views: 20.2ms | ActiveRecord: 46.5ms)


Started GET "/users/2" for ::1 at 2022-02-02 17:49:19 -0800
  [1m[35m (2.2ms)[0m  [1m[34mSELECT "schema_migrations"."version" FROM "schema_migrations" ORDER BY "schema_migrations"."version" ASC[0m
  ↳ /Users/christopherdellacqua/.rbenv/versions/2.5.1/lib/ruby/gems/2.5.0/gems/activerecord-5.2.6/lib/active_record/log_subscriber.rb:98
  
ActionController::RoutingError (No route matches [GET] "/users/2"):
  
actionpack (5.2.6) lib/action_dispatch/middleware/debug_exceptions.rb:65:in `call'
web-console (3.7.0) lib/web_console/middleware.rb:135:in `call_app'
web-console (3.7.0) lib/web_console/middleware.rb:30:in `block in call'
web-console (3.7.0) lib/web_console/middleware.rb:20:in `catch'
web-console (3.7.0) lib/web_console/middleware.rb:20:in `call'
actionpack (5.2.6) lib/action_dispatch/middleware/show_exceptions.rb:33:in `call'
railties (5.2.6) lib/rails/rack/logger.rb:38:in `call_app'
railties (5.2.6) lib/rails/rack/logger.rb:26:in `block in call'
activesupport (5.2.6) lib/active_support/tagged_logging.rb:71:in `block in tagged'
activesupport (5.2.6) lib/active_support/tagged_logging.rb:28:in `tagged'
activesupport (5.2.6) lib/active_support/tagged_logging.rb:71:in `tagged'
railties (5.2.6) lib/rails/rack/logger.rb:26:in `call'
sprockets-rails (3.4.2) lib/sprockets/rails/quiet_assets.rb:13:in `call'
actionpack (5.2.6) lib/action_dispatch/middleware/remote_ip.rb:81:in `call'
actionpack (5.2.6) lib/action_dispatch/middleware/request_id.rb:27:in `call'
rack (2.2.3) lib/rack/method_override.rb:24:in `call'
rack (2.2.3) lib/rack/runtime.rb:22:in `call'
activesupport (5.2.6) lib/active_support/cache/strategy/local_cache_middleware.rb:29:in `call'
actionpack (5.2.6) lib/action_dispatch/middleware/executor.rb:14:in `call'
actionpack (5.2.6) lib/action_dispatch/middleware/static.rb:127:in `call'
rack (2.2.3) lib/rack/sendfile.rb:110:in `call'
railties (5.2.6) lib/rails/engine.rb:524:in `call'
puma (3.12.6) lib/puma/configuration.rb:227:in `call'
puma (3.12.6) lib/puma/server.rb:706:in `handle_request'
puma (3.12.6) lib/puma/server.rb:476:in `process_client'
puma (3.12.6) lib/puma/server.rb:334:in `block in run'
puma (3.12.6) lib/puma/thread_pool.rb:135:in `block in spawn_thread'
Started GET "/users/2" for ::1 at 2022-02-02 17:50:03 -0800
Processing by UsersController#show as */*
  Parameters: {"user"=>{"age"=>"49"}, "id"=>"2"}
  [1m[36mUser Load (3.4ms)[0m  [1m[34mSELECT  "users".* FROM "users" WHERE "users"."id" = $1 LIMIT $2[0m  [["id", 2], ["LIMIT", 1]]
  ↳ app/controllers/users_controller.rb:8
Completed 200 OK in 284ms (Views: 3.9ms | ActiveRecord: 22.8ms)


Started POST "/users" for ::1 at 2022-02-02 17:59:33 -0800
Processing by UsersController#create as */*
  Parameters: {"user"=>{"username"=>"china_number_1", "email"=>"jonathan@mail.com", "age"=>"12", "country"=>"South Africa"}}
Can't verify CSRF token authenticity.
Completed 422 Unprocessable Entity in 2ms (ActiveRecord: 0.0ms)


  
ActionController::InvalidAuthenticityToken (ActionController::InvalidAuthenticityToken):
  
actionpack (5.2.6) lib/action_controller/metal/request_forgery_protection.rb:215:in `handle_unverified_request'
actionpack (5.2.6) lib/action_controller/metal/request_forgery_protection.rb:247:in `handle_unverified_request'
actionpack (5.2.6) lib/action_controller/metal/request_forgery_protection.rb:242:in `verify_authenticity_token'
activesupport (5.2.6) lib/active_support/callbacks.rb:426:in `block in make_lambda'
activesupport (5.2.6) lib/active_support/callbacks.rb:198:in `block (2 levels) in halting'
actionpack (5.2.6) lib/abstract_controller/callbacks.rb:34:in `block (2 levels) in <module:Callbacks>'
activesupport (5.2.6) lib/active_support/callbacks.rb:199:in `block in halting'
activesupport (5.2.6) lib/active_support/callbacks.rb:513:in `block in invoke_before'
activesupport (5.2.6) lib/active_support/callbacks.rb:513:in `each'
activesupport (5.2.6) lib/active_support/callbacks.rb:513:in `invoke_before'
activesupport (5.2.6) lib/active_support/callbacks.rb:131:in `run_callbacks'
actionpack (5.2.6) lib/abstract_controller/callbacks.rb:41:in `process_action'
actionpack (5.2.6) lib/action_controller/metal/rescue.rb:22:in `process_action'
actionpack (5.2.6) lib/action_controller/metal/instrumentation.rb:34:in `block in process_action'
activesupport (5.2.6) lib/active_support/notifications.rb:168:in `block in instrument'
activesupport (5.2.6) lib/active_support/notifications/instrumenter.rb:23:in `instrument'
activesupport (5.2.6) lib/active_support/notifications.rb:168:in `instrument'
actionpack (5.2.6) lib/action_controller/metal/instrumentation.rb:32:in `process_action'
actionpack (5.2.6) lib/action_controller/metal/params_wrapper.rb:256:in `process_action'
activerecord (5.2.6) lib/active_record/railties/controller_runtime.rb:24:in `process_action'
actionpack (5.2.6) lib/abstract_controller/base.rb:134:in `process'
actionview (5.2.6) lib/action_view/rendering.rb:32:in `process'
actionpack (5.2.6) lib/action_controller/metal.rb:191:in `dispatch'
actionpack (5.2.6) lib/action_controller/metal.rb:252:in `dispatch'
actionpack (5.2.6) lib/action_dispatch/routing/route_set.rb:52:in `dispatch'
actionpack (5.2.6) lib/action_dispatch/routing/route_set.rb:34:in `serve'
actionpack (5.2.6) lib/action_dispatch/journey/router.rb:52:in `block in serve'
actionpack (5.2.6) lib/action_dispatch/journey/router.rb:35:in `each'
actionpack (5.2.6) lib/action_dispatch/journey/router.rb:35:in `serve'
actionpack (5.2.6) lib/action_dispatch/routing/route_set.rb:840:in `call'
rack (2.2.3) lib/rack/tempfile_reaper.rb:15:in `call'
rack (2.2.3) lib/rack/etag.rb:27:in `call'
rack (2.2.3) lib/rack/conditional_get.rb:40:in `call'
rack (2.2.3) lib/rack/head.rb:12:in `call'
actionpack (5.2.6) lib/action_dispatch/http/content_security_policy.rb:18:in `call'
rack (2.2.3) lib/rack/session/abstract/id.rb:266:in `context'
rack (2.2.3) lib/rack/session/abstract/id.rb:260:in `call'
actionpack (5.2.6) lib/action_dispatch/middleware/cookies.rb:670:in `call'
activerecord (5.2.6) lib/active_record/migration.rb:559:in `call'
actionpack (5.2.6) lib/action_dispatch/middleware/callbacks.rb:28:in `block in call'
activesupport (5.2.6) lib/active_support/callbacks.rb:98:in `run_callbacks'
actionpack (5.2.6) lib/action_dispatch/middleware/callbacks.rb:26:in `call'
actionpack (5.2.6) lib/action_dispatch/middleware/executor.rb:14:in `call'
actionpack (5.2.6) lib/action_dispatch/middleware/debug_exceptions.rb:61:in `call'
web-console (3.7.0) lib/web_console/middleware.rb:135:in `call_app'
web-console (3.7.0) lib/web_console/middleware.rb:30:in `block in call'
web-console (3.7.0) lib/web_console/middleware.rb:20:in `catch'
web-console (3.7.0) lib/web_console/middleware.rb:20:in `call'
actionpack (5.2.6) lib/action_dispatch/middleware/show_exceptions.rb:33:in `call'
railties (5.2.6) lib/rails/rack/logger.rb:38:in `call_app'
railties (5.2.6) lib/rails/rack/logger.rb:26:in `block in call'
activesupport (5.2.6) lib/active_support/tagged_logging.rb:71:in `block in tagged'
activesupport (5.2.6) lib/active_support/tagged_logging.rb:28:in `tagged'
activesupport (5.2.6) lib/active_support/tagged_logging.rb:71:in `tagged'
railties (5.2.6) lib/rails/rack/logger.rb:26:in `call'
sprockets-rails (3.4.2) lib/sprockets/rails/quiet_assets.rb:13:in `call'
actionpack (5.2.6) lib/action_dispatch/middleware/remote_ip.rb:81:in `call'
actionpack (5.2.6) lib/action_dispatch/middleware/request_id.rb:27:in `call'
rack (2.2.3) lib/rack/method_override.rb:24:in `call'
rack (2.2.3) lib/rack/runtime.rb:22:in `call'
activesupport (5.2.6) lib/active_support/cache/strategy/local_cache_middleware.rb:29:in `call'
actionpack (5.2.6) lib/action_dispatch/middleware/executor.rb:14:in `call'
actionpack (5.2.6) lib/action_dispatch/middleware/static.rb:127:in `call'
rack (2.2.3) lib/rack/sendfile.rb:110:in `call'
railties (5.2.6) lib/rails/engine.rb:524:in `call'
puma (3.12.6) lib/puma/configuration.rb:227:in `call'
puma (3.12.6) lib/puma/server.rb:706:in `handle_request'
puma (3.12.6) lib/puma/server.rb:476:in `process_client'
puma (3.12.6) lib/puma/server.rb:334:in `block in run'
puma (3.12.6) lib/puma/thread_pool.rb:135:in `block in spawn_thread'
Started POST "/users" for ::1 at 2022-02-02 18:00:11 -0800
Processing by UsersController#create as */*
  Parameters: {"user"=>{"username"=>"china_number_1", "email"=>"jonathan@mail.com", "age"=>"12", "country"=>"South Africa"}}
  [1m[35m (7.1ms)[0m  [1m[35mBEGIN[0m
  ↳ app/controllers/users_controller.rb:14
  [1m[36mUser Exists (25.7ms)[0m  [1m[34mSELECT  1 AS one FROM "users" WHERE "users"."username" = $1 LIMIT $2[0m  [["username", "china_number_1"], ["LIMIT", 1]]
  ↳ app/controllers/users_controller.rb:14
  [1m[36mUser Create (7.1ms)[0m  [1m[32mINSERT INTO "users" ("username", "email", "country", "age", "created_at", "updated_at") VALUES ($1, $2, $3, $4, $5, $6) RETURNING "id"[0m  [["username", "china_number_1"], ["email", "jonathan@mail.com"], ["country", "South Africa"], ["age", 12], ["created_at", "2022-02-03 02:00:11.977356"], ["updated_at", "2022-02-03 02:00:11.977356"]]
  ↳ app/controllers/users_controller.rb:14
  [1m[35m (50.7ms)[0m  [1m[35mCOMMIT[0m
  ↳ app/controllers/users_controller.rb:14
Completed 200 OK in 419ms (Views: 1.4ms | ActiveRecord: 196.1ms)


  [1m[36mUser Load (6.0ms)[0m  [1m[34mSELECT "users".* FROM "users"[0m
Started GET "/users" for ::1 at 2022-02-03 17:29:35 -0800
  [1m[35m (12.4ms)[0m  [1m[34mSELECT "schema_migrations"."version" FROM "schema_migrations" ORDER BY "schema_migrations"."version" ASC[0m
  ↳ /Users/christopherdellacqua/.rbenv/versions/2.5.1/lib/ruby/gems/2.5.0/gems/activerecord-5.2.6/lib/active_record/log_subscriber.rb:98
Processing by UsersController#index as */*
  [1m[36mUser Load (10.2ms)[0m  [1m[34mSELECT "users".* FROM "users"[0m
  ↳ app/controllers/users_controller.rb:4
Completed 200 OK in 189ms (Views: 48.7ms | ActiveRecord: 75.9ms)


Started GET "/users/2" for ::1 at 2022-02-03 17:30:02 -0800
Processing by UsersController#show as */*
  Parameters: {"id"=>"2"}
  [1m[36mUser Load (8.9ms)[0m  [1m[34mSELECT  "users".* FROM "users" WHERE "users"."id" = $1 LIMIT $2[0m  [["id", 2], ["LIMIT", 1]]
  ↳ app/controllers/users_controller.rb:8
Completed 200 OK in 184ms (Views: 1.3ms | ActiveRecord: 87.5ms)


Started GET "/users" for ::1 at 2022-02-03 17:43:57 -0800
  [1m[35m (39.8ms)[0m  [1m[34mSELECT "schema_migrations"."version" FROM "schema_migrations" ORDER BY "schema_migrations"."version" ASC[0m
  ↳ /Users/christopherdellacqua/.rbenv/versions/2.5.1/lib/ruby/gems/2.5.0/gems/activerecord-5.2.6/lib/active_record/log_subscriber.rb:98
  
SyntaxError (/Users/christopherdellacqua/Desktop/sizzler/app/controllers/users_controller.rb:24: syntax error, unexpected '\n', expecting =>
...d or something like that', user
...                               ^):
  
app/controllers/users_controller.rb:24: syntax error, unexpected '\n', expecting =>
Started GET "/users" for ::1 at 2022-02-03 17:44:19 -0800
Processing by UsersController#index as */*
  [1m[36mUser Load (162.9ms)[0m  [1m[34mSELECT "users".* FROM "users"[0m
  ↳ app/controllers/users_controller.rb:4
Completed 200 OK in 574ms (Views: 57.8ms | ActiveRecord: 337.6ms)


Started DELETE "/users/2" for ::1 at 2022-02-03 17:44:35 -0800
Processing by UsersController#destroy as */*
  Parameters: {"id"=>"2"}
  [1m[36mUser Load (1.5ms)[0m  [1m[34mSELECT  "users".* FROM "users" WHERE "users"."id" = $1 LIMIT $2[0m  [["id", 2], ["LIMIT", 1]]
  ↳ app/controllers/users_controller.rb:22
  [1m[35m (63.4ms)[0m  [1m[35mBEGIN[0m
  ↳ app/controllers/users_controller.rb:23
  [1m[36mUser Destroy (110.8ms)[0m  [1m[31mDELETE FROM "users" WHERE "users"."id" = $1[0m  [["id", 2]]
  ↳ app/controllers/users_controller.rb:23
  [1m[35m (147.0ms)[0m  [1m[35mCOMMIT[0m
  ↳ app/controllers/users_controller.rb:23
Completed 200 OK in 411ms (Views: 0.8ms | ActiveRecord: 327.8ms)


Started GET "/users" for ::1 at 2022-02-03 17:52:18 -0800
Processing by UsersController#index as */*
  [1m[36mUser Load (25.7ms)[0m  [1m[34mSELECT "users".* FROM "users"[0m
  ↳ app/controllers/users_controller.rb:4
Completed 200 OK in 332ms (Views: 41.9ms | ActiveRecord: 225.2ms)


Started PATCH "/users/6" for ::1 at 2022-02-03 17:54:00 -0800
Processing by UsersController#update as */*
  Parameters: {"user"=>{"username"=>"china_number_1", "email"=>"jonathan@mail.com", "age"=>"12", "country"=>"North Korea"}, "id"=>"6"}
  [1m[36mUser Load (25.1ms)[0m  [1m[34mSELECT  "users".* FROM "users" WHERE "users"."id" = $1 LIMIT $2[0m  [["id", 6], ["LIMIT", 1]]
  ↳ app/controllers/users_controller.rb:31
  [1m[35m (68.4ms)[0m  [1m[35mBEGIN[0m
  ↳ app/controllers/users_controller.rb:32
  [1m[36mUser Exists (133.4ms)[0m  [1m[34mSELECT  1 AS one FROM "users" WHERE "users"."username" = $1 AND "users"."id" != $2 LIMIT $3[0m  [["username", "china_number_1"], ["id", 6], ["LIMIT", 1]]
  ↳ app/controllers/users_controller.rb:32
  [1m[36mUser Update (11.7ms)[0m  [1m[33mUPDATE "users" SET "country" = $1, "updated_at" = $2 WHERE "users"."id" = $3[0m  [["country", "North Korea"], ["updated_at", "2022-02-04 01:54:00.648616"], ["id", 6]]
  ↳ app/controllers/users_controller.rb:32
  [1m[35m (130.1ms)[0m  [1m[35mCOMMIT[0m
  ↳ app/controllers/users_controller.rb:32
Redirected to http://localhost:3000/users/6
Completed 302 Found in 401ms (ActiveRecord: 370.4ms)


Started GET "/users/6" for ::1 at 2022-02-03 17:54:00 -0800
Processing by UsersController#show as */*
  Parameters: {"id"=>"6"}
  [1m[36mUser Load (3.5ms)[0m  [1m[34mSELECT  "users".* FROM "users" WHERE "users"."id" = $1 LIMIT $2[0m  [["id", 6], ["LIMIT", 1]]
  ↳ app/controllers/users_controller.rb:8
Completed 200 OK in 6ms (Views: 0.5ms | ActiveRecord: 3.5ms)


Started GET "/users" for ::1 at 2022-02-04 17:24:26 -0800
  [1m[35m (4.4ms)[0m  [1m[34mSELECT "schema_migrations"."version" FROM "schema_migrations" ORDER BY "schema_migrations"."version" ASC[0m
  ↳ /Users/christopherdellacqua/.rbenv/versions/2.5.1/lib/ruby/gems/2.5.0/gems/activerecord-5.2.6/lib/active_record/log_subscriber.rb:98
Processing by UsersController#index as HTML
  Rendering users/index.html.erb within layouts/application
  Rendered users/index.html.erb within layouts/application (16.9ms)
Completed 500 Internal Server Error in 120ms (ActiveRecord: 0.0ms)


  
ActionView::Template::Error (undefined method `each' for nil:NilClass):
    1: <h1>Ammunation's VIP Customers</h1>
    2: <% @user.each do |user| %>
    3:     <%= render 'user', user: user, action: :index %>
    4: <% end %>
  
app/views/users/index.html.erb:2:in `_app_views_users_index_html_erb___289617283512186835_70192068203740'
app/controllers/users_controller.rb:4:in `index'
Started GET "/users" for ::1 at 2022-02-04 17:24:57 -0800
Processing by UsersController#index as HTML
  Rendering users/index.html.erb within layouts/application
  [1m[36mUser Load (72.6ms)[0m  [1m[34mSELECT "users".* FROM "users"[0m
  ↳ app/views/users/index.html.erb:2
  Rendered users/_user.html.erb (0.7ms)
  Rendered users/_user.html.erb (0.1ms)
  Rendered users/_user.html.erb (0.1ms)
  Rendered users/_user.html.erb (0.1ms)
  Rendered users/index.html.erb within layouts/application (227.8ms)
Completed 200 OK in 2346ms (Views: 2194.8ms | ActiveRecord: 150.6ms)


  [1m[36mUser Load (1.6ms)[0m  [1m[34mSELECT "users".* FROM "users"[0m
Started GET "/users/3" for ::1 at 2022-02-04 17:29:38 -0800
Processing by UsersController#show as HTML
  Parameters: {"id"=>"3"}
  [1m[36mUser Load (66.4ms)[0m  [1m[34mSELECT  "users".* FROM "users" WHERE "users"."id" = $1 LIMIT $2[0m  [["id", 3], ["LIMIT", 1]]
  ↳ app/controllers/users_controller.rb:8
Completed 500 Internal Server Error in 617ms (ActiveRecord: 67.5ms)


  
NameError (undefined local variable or method `user' for #<UsersController:0x00007fadbc68f508>
Did you mean?  @user):
  
app/controllers/users_controller.rb:9:in `show'
Started GET "/users/3" for ::1 at 2022-02-04 17:30:18 -0800
Processing by UsersController#show as HTML
  Parameters: {"id"=>"3"}
  [1m[36mUser Load (0.4ms)[0m  [1m[34mSELECT  "users".* FROM "users" WHERE "users"."id" = $1 LIMIT $2[0m  [["id", 3], ["LIMIT", 1]]
  ↳ app/controllers/users_controller.rb:8
  Rendering users/show.html.erb within layouts/application
  Rendered users/_user.html.erb (0.4ms)
  Rendered users/show.html.erb within layouts/application (6.6ms)
Completed 200 OK in 295ms (Views: 144.8ms | ActiveRecord: 49.2ms)


  [1m[35m (0.2ms)[0m  [1m[34mSELECT pg_try_advisory_lock(2884054537869695505)[0m
  ↳ bin/rails:9
  [1m[35m (2.7ms)[0m  [1m[34mSELECT "schema_migrations"."version" FROM "schema_migrations" ORDER BY "schema_migrations"."version" ASC[0m
  ↳ bin/rails:9
Migrating to AddColsToUsers (20220209012534)
  [1m[35m (0.2ms)[0m  [1m[35mBEGIN[0m
  ↳ bin/rails:9
  [1m[35m (39.8ms)[0m  [1m[35mALTER TABLE "users" ADD "password_digest" character varying NOT NULL[0m
  ↳ db/migrate/20220209012534_add_cols_to_users.rb:3
  [1m[35m (0.4ms)[0m  [1m[31mROLLBACK[0m
  ↳ bin/rails:9
  [1m[35m (0.4ms)[0m  [1m[34mSELECT pg_advisory_unlock(2884054537869695505)[0m
  ↳ bin/rails:9
  [1m[35m (1.3ms)[0m  [1m[34mSELECT "schema_migrations"."version" FROM "schema_migrations" ORDER BY "schema_migrations"."version" ASC[0m
  ↳ bin/rails:9
  [1m[35m (27.5ms)[0m  [1m[34mSELECT "ar_internal_metadata"."value" FROM "ar_internal_metadata" WHERE "ar_internal_metadata"."key" = $1[0m  [["key", "environment"]]
  ↳ bin/rails:9
  [1m[35m (2.0ms)[0m  [1m[34mSELECT "schema_migrations"."version" FROM "schema_migrations" ORDER BY "schema_migrations"."version" ASC[0m
  ↳ bin/rails:9
  [1m[35m (14.0ms)[0m  [1m[34mSELECT "ar_internal_metadata"."value" FROM "ar_internal_metadata" WHERE "ar_internal_metadata"."key" = $1[0m  [["key", "environment"]]
  ↳ bin/rails:9
  [1m[35m (0.6ms)[0m  [1m[34mSELECT "schema_migrations"."version" FROM "schema_migrations" ORDER BY "schema_migrations"."version" ASC[0m
  ↳ bin/rails:9
  [1m[35m (0.7ms)[0m  [1m[34mSELECT "ar_internal_metadata"."value" FROM "ar_internal_metadata" WHERE "ar_internal_metadata"."key" = $1[0m  [["key", "environment"]]
  ↳ bin/rails:9
  [1m[35m (324.2ms)[0m  [1m[35mDROP DATABASE IF EXISTS "sizzler_development"[0m
  ↳ bin/rails:9
  [1m[35m (200.1ms)[0m  [1m[35mDROP DATABASE IF EXISTS "sizzler_test"[0m
  ↳ bin/rails:9
  [1m[35m (1021.4ms)[0m  [1m[35mCREATE DATABASE "sizzler_development" ENCODING = 'unicode'[0m
  ↳ bin/rails:9
  [1m[35m (598.5ms)[0m  [1m[35mCREATE DATABASE "sizzler_test" ENCODING = 'unicode'[0m
  ↳ bin/rails:9
  [1m[35m (25.2ms)[0m  [1m[35mCREATE TABLE "schema_migrations" ("version" character varying NOT NULL PRIMARY KEY)[0m
  ↳ bin/rails:9
  [1m[35m (52.6ms)[0m  [1m[35mCREATE TABLE "ar_internal_metadata" ("key" character varying NOT NULL PRIMARY KEY, "value" character varying, "created_at" timestamp NOT NULL, "updated_at" timestamp NOT NULL)[0m
  ↳ bin/rails:9
  [1m[35m (0.3ms)[0m  [1m[34mSELECT pg_try_advisory_lock(2884054537869695505)[0m
  ↳ bin/rails:9
  [1m[35m (1.2ms)[0m  [1m[34mSELECT "schema_migrations"."version" FROM "schema_migrations" ORDER BY "schema_migrations"."version" ASC[0m
  ↳ bin/rails:9
Migrating to CreateUsers (20220128011302)
  [1m[35m (0.2ms)[0m  [1m[35mBEGIN[0m
  ↳ bin/rails:9
  [1m[35m (65.1ms)[0m  [1m[35mCREATE TABLE "users" ("id" bigserial primary key, "username" character varying NOT NULL, "email" character varying, "country" character varying NOT NULL, "age" integer NOT NULL, "created_at" timestamp NOT NULL, "updated_at" timestamp NOT NULL)[0m
  ↳ db/migrate/20220128011302_create_users.rb:3
  [1m[35m (3.0ms)[0m  [1m[35mCREATE UNIQUE INDEX  "index_users_on_username" ON "users"  ("username")[0m
  ↳ db/migrate/20220128011302_create_users.rb:10
  [1m[35m (2.2ms)[0m  [1m[35mCREATE  INDEX  "index_users_on_email" ON "users"  ("email")[0m
  ↳ db/migrate/20220128011302_create_users.rb:11
  [1m[36mActiveRecord::SchemaMigration Create (16.2ms)[0m  [1m[32mINSERT INTO "schema_migrations" ("version") VALUES ($1) RETURNING "version"[0m  [["version", "20220128011302"]]
  ↳ bin/rails:9
  [1m[35m (45.6ms)[0m  [1m[35mCOMMIT[0m
  ↳ bin/rails:9
Migrating to CreateItems (20220128013411)
  [1m[35m (41.6ms)[0m  [1m[35mBEGIN[0m
  ↳ bin/rails:9
  [1m[35m (48.9ms)[0m  [1m[35mCREATE TABLE "items" ("id" bigserial primary key, "product_name" character varying NOT NULL, "product_description" text, "price" float NOT NULL, "seller_id" integer NOT NULL, "created_at" timestamp NOT NULL, "updated_at" timestamp NOT NULL)[0m
  ↳ db/migrate/20220128013411_create_items.rb:3
  [1m[35m (2.9ms)[0m  [1m[35mCREATE  INDEX  "index_items_on_seller_id" ON "items"  ("seller_id")[0m
  ↳ db/migrate/20220128013411_create_items.rb:10
  [1m[36mActiveRecord::SchemaMigration Create (1.9ms)[0m  [1m[32mINSERT INTO "schema_migrations" ("version") VALUES ($1) RETURNING "version"[0m  [["version", "20220128013411"]]
  ↳ bin/rails:9
  [1m[35m (3.3ms)[0m  [1m[35mCOMMIT[0m
  ↳ bin/rails:9
Migrating to AddColsToUsers (20220209012534)
  [1m[35m (42.1ms)[0m  [1m[35mBEGIN[0m
  ↳ bin/rails:9
  [1m[35m (5.3ms)[0m  [1m[35mALTER TABLE "users" ADD "password_digest" character varying NOT NULL[0m
  ↳ db/migrate/20220209012534_add_cols_to_users.rb:3
  [1m[35m (2.7ms)[0m  [1m[35mALTER TABLE "users" ADD "session_token" character varying NOT NULL[0m
  ↳ db/migrate/20220209012534_add_cols_to_users.rb:4
  [1m[36mActiveRecord::SchemaMigration Create (9.8ms)[0m  [1m[32mINSERT INTO "schema_migrations" ("version") VALUES ($1) RETURNING "version"[0m  [["version", "20220209012534"]]
  ↳ bin/rails:9
  [1m[35m (29.7ms)[0m  [1m[35mCOMMIT[0m
  ↳ bin/rails:9
  [1m[36mActiveRecord::InternalMetadata Load (2.9ms)[0m  [1m[34mSELECT  "ar_internal_metadata".* FROM "ar_internal_metadata" WHERE "ar_internal_metadata"."key" = $1 LIMIT $2[0m  [["key", "environment"], ["LIMIT", 1]]
  ↳ bin/rails:9
  [1m[35m (2.0ms)[0m  [1m[35mBEGIN[0m
  ↳ bin/rails:9
  [1m[36mActiveRecord::InternalMetadata Create (1.4ms)[0m  [1m[32mINSERT INTO "ar_internal_metadata" ("key", "value", "created_at", "updated_at") VALUES ($1, $2, $3, $4) RETURNING "key"[0m  [["key", "environment"], ["value", "development"], ["created_at", "2022-02-09 01:30:11.945122"], ["updated_at", "2022-02-09 01:30:11.945122"]]
  ↳ bin/rails:9
  [1m[35m (14.6ms)[0m  [1m[35mCOMMIT[0m
  ↳ bin/rails:9
  [1m[35m (0.7ms)[0m  [1m[34mSELECT pg_advisory_unlock(2884054537869695505)[0m
  ↳ bin/rails:9
  [1m[35m (0.7ms)[0m  [1m[34mSELECT "schema_migrations"."version" FROM "schema_migrations" ORDER BY "schema_migrations"."version" ASC[0m
  ↳ bin/rails:9
  [1m[35m (0.6ms)[0m  [1m[35mBEGIN[0m
  [1m[36mUser Exists (44.5ms)[0m  [1m[34mSELECT  1 AS one FROM "users" WHERE "users"."username" IS NULL LIMIT $1[0m  [["LIMIT", 1]]
  [1m[35m (11.2ms)[0m  [1m[31mROLLBACK[0m
  [1m[35m (0.5ms)[0m  [1m[35mBEGIN[0m
  [1m[36mUser Exists (6.4ms)[0m  [1m[34mSELECT  1 AS one FROM "users" WHERE "users"."username" IS NULL LIMIT $1[0m  [["LIMIT", 1]]
  [1m[36mUser Create (54.4ms)[0m  [1m[32mINSERT INTO "users" ("created_at", "updated_at", "session_token") VALUES ($1, $2, $3) RETURNING "id"[0m  [["created_at", "2022-02-10 02:04:02.637153"], ["updated_at", "2022-02-10 02:04:02.637153"], ["session_token", "A9_24j-2wtZ994voKzmQpg"]]
  [1m[35m (10.8ms)[0m  [1m[31mROLLBACK[0m
