  [1m[35m (1527.9ms)[0m  [1m[35mCREATE DATABASE "sizzler_development" ENCODING = 'unicode'[0m
  ↳ bin/rails:9
  [1m[35m (830.2ms)[0m  [1m[35mCREATE DATABASE "sizzler_test" ENCODING = 'unicode'[0m
  ↳ bin/rails:9
  [1m[35m (93.0ms)[0m  [1m[35mCREATE TABLE "schema_migrations" ("version" character varying NOT NULL PRIMARY KEY)[0m
  ↳ bin/rails:9
  [1m[35m (33.4ms)[0m  [1m[35mCREATE TABLE "ar_internal_metadata" ("key" character varying NOT NULL PRIMARY KEY, "value" character varying, "created_at" timestamp NOT NULL, "updated_at" timestamp NOT NULL)[0m
  ↳ bin/rails:9
  [1m[35m (0.7ms)[0m  [1m[34mSELECT pg_try_advisory_lock(2884054537869695505)[0m
  ↳ bin/rails:9
  [1m[35m (3.6ms)[0m  [1m[34mSELECT "schema_migrations"."version" FROM "schema_migrations" ORDER BY "schema_migrations"."version" ASC[0m
  ↳ bin/rails:9
Migrating to CreateUsers (20220128011302)
  [1m[35m (39.6ms)[0m  [1m[35mBEGIN[0m
  ↳ bin/rails:9
  [1m[35m (52.2ms)[0m  [1m[35mCREATE TABLE "users" ("id" bigserial primary key, "username" character varying NOT NULL, "email" character varying, "country" character varying NOT NULL, "age" integer NOT NULL, "created_at" timestamp NOT NULL, "updated_at" timestamp NOT NULL)[0m
  ↳ db/migrate/20220128011302_create_users.rb:3
  [1m[35m (24.0ms)[0m  [1m[35mCREATE UNIQUE INDEX  "index_users_on_username" ON "users"  ("username")[0m
  ↳ db/migrate/20220128011302_create_users.rb:10
  [1m[35m (8.0ms)[0m  [1m[35mCREATE  INDEX  "index_users_on_email" ON "users"  ("email")[0m
  ↳ db/migrate/20220128011302_create_users.rb:11
  [1m[36mActiveRecord::SchemaMigration Create (35.2ms)[0m  [1m[32mINSERT INTO "schema_migrations" ("version") VALUES ($1) RETURNING "version"[0m  [["version", "20220128011302"]]
  ↳ bin/rails:9
  [1m[35m (3.4ms)[0m  [1m[35mCOMMIT[0m
  ↳ bin/rails:9
  [1m[36mActiveRecord::InternalMetadata Load (3.7ms)[0m  [1m[34mSELECT  "ar_internal_metadata".* FROM "ar_internal_metadata" WHERE "ar_internal_metadata"."key" = $1 LIMIT $2[0m  [["key", "environment"], ["LIMIT", 1]]
  ↳ bin/rails:9
  [1m[35m (0.7ms)[0m  [1m[35mBEGIN[0m
  ↳ bin/rails:9
  [1m[36mActiveRecord::InternalMetadata Create (50.9ms)[0m  [1m[32mINSERT INTO "ar_internal_metadata" ("key", "value", "created_at", "updated_at") VALUES ($1, $2, $3, $4) RETURNING "key"[0m  [["key", "environment"], ["value", "development"], ["created_at", "2022-01-28 01:32:03.912291"], ["updated_at", "2022-01-28 01:32:03.912291"]]
  ↳ bin/rails:9
  [1m[35m (4.1ms)[0m  [1m[35mCOMMIT[0m
  ↳ bin/rails:9
  [1m[35m (0.6ms)[0m  [1m[34mSELECT pg_advisory_unlock(2884054537869695505)[0m
  ↳ bin/rails:9
  [1m[35m (5.1ms)[0m  [1m[34mSELECT "schema_migrations"."version" FROM "schema_migrations" ORDER BY "schema_migrations"."version" ASC[0m
  ↳ bin/rails:9
  [1m[35m (0.2ms)[0m  [1m[34mSELECT pg_try_advisory_lock(2884054537869695505)[0m
  ↳ bin/rails:9
  [1m[35m (9.6ms)[0m  [1m[34mSELECT "schema_migrations"."version" FROM "schema_migrations" ORDER BY "schema_migrations"."version" ASC[0m
  ↳ bin/rails:9
Migrating to CreateItems (20220128013411)
  [1m[35m (0.2ms)[0m  [1m[35mBEGIN[0m
  ↳ bin/rails:9
  [1m[35m (37.2ms)[0m  [1m[35mCREATE TABLE "items" ("id" bigserial primary key, "product_name" character varying NOT NULL, "product_description" text, "price" float NOT NULL, "seller_id" integer NOT NULL, "created_at" timestamp NOT NULL, "updated_at" timestamp NOT NULL)[0m
  ↳ db/migrate/20220128013411_create_items.rb:3
  [1m[35m (4.4ms)[0m  [1m[35mCREATE  INDEX  "index_items_on_seller_id" ON "items"  ("seller_id")[0m
  ↳ db/migrate/20220128013411_create_items.rb:10
  [1m[36mActiveRecord::SchemaMigration Create (1.4ms)[0m  [1m[32mINSERT INTO "schema_migrations" ("version") VALUES ($1) RETURNING "version"[0m  [["version", "20220128013411"]]
  ↳ bin/rails:9
  [1m[35m (15.7ms)[0m  [1m[35mCOMMIT[0m
  ↳ bin/rails:9
  [1m[36mActiveRecord::InternalMetadata Load (42.0ms)[0m  [1m[34mSELECT  "ar_internal_metadata".* FROM "ar_internal_metadata" WHERE "ar_internal_metadata"."key" = $1 LIMIT $2[0m  [["key", "environment"], ["LIMIT", 1]]
  ↳ bin/rails:9
  [1m[35m (0.2ms)[0m  [1m[35mBEGIN[0m
  ↳ bin/rails:9
  [1m[35m (0.2ms)[0m  [1m[35mCOMMIT[0m
  ↳ bin/rails:9
  [1m[35m (0.4ms)[0m  [1m[34mSELECT pg_advisory_unlock(2884054537869695505)[0m
  ↳ bin/rails:9
  [1m[35m (0.4ms)[0m  [1m[34mSELECT "schema_migrations"."version" FROM "schema_migrations" ORDER BY "schema_migrations"."version" ASC[0m
  ↳ bin/rails:9
  [1m[35m (2.1ms)[0m  [1m[34mSELECT "schema_migrations"."version" FROM "schema_migrations" ORDER BY "schema_migrations"."version" ASC[0m
  ↳ /Users/christopherdellacqua/.rbenv/versions/2.5.1/bin/annotate:23
  [1m[35m (5.9ms)[0m  [1m[35mBEGIN[0m
  [1m[36mUser Exists (2.8ms)[0m  [1m[34mSELECT  1 AS one FROM "users" WHERE "users"."username" = $1 LIMIT $2[0m  [["username", "mike_is_mad_son"], ["LIMIT", 1]]
  [1m[36mUser Create (11.1ms)[0m  [1m[32mINSERT INTO "users" ("username", "country", "age", "created_at", "updated_at") VALUES ($1, $2, $3, $4, $5) RETURNING "id"[0m  [["username", "mike_is_mad_son"], ["country", "Canada"], ["age", 37], ["created_at", "2022-01-28 01:57:33.659288"], ["updated_at", "2022-01-28 01:57:33.659288"]]
  [1m[35m (35.5ms)[0m  [1m[35mCOMMIT[0m
  [1m[35m (0.2ms)[0m  [1m[35mBEGIN[0m
  [1m[36mUser Load (0.9ms)[0m  [1m[34mSELECT  "users".* FROM "users" WHERE "users"."id" = $1 LIMIT $2[0m  [["id", 1], ["LIMIT", 1]]
  [1m[36mItem Create (38.6ms)[0m  [1m[32mINSERT INTO "items" ("product_name", "product_description", "price", "seller_id", "created_at", "updated_at") VALUES ($1, $2, $3, $4, $5, $6) RETURNING "id"[0m  [["product_name", "Explosive Crepe"], ["product_description", "Has maple syrup, too!"], ["price", 99.99], ["seller_id", 1], ["created_at", "2022-01-28 02:00:29.708733"], ["updated_at", "2022-01-28 02:00:29.708733"]]
  [1m[35m (1.6ms)[0m  [1m[35mCOMMIT[0m
  [1m[36mUser Load (2.5ms)[0m  [1m[34mSELECT "users".* FROM "users"[0m
  [1m[36mItem Load (12.3ms)[0m  [1m[34mSELECT "items".* FROM "items"[0m
  [1m[36mUser Load (18.0ms)[0m  [1m[34mSELECT  "users".* FROM "users" ORDER BY "users"."id" ASC LIMIT $1[0m  [["LIMIT", 1]]
  [1m[36mItem Load (4.5ms)[0m  [1m[34mSELECT "items".* FROM "items" WHERE "items"."seller_id" = $1[0m  [["seller_id", 1]]
  [1m[36mItem Load (2.5ms)[0m  [1m[34mSELECT  "items".* FROM "items" ORDER BY "items"."id" ASC LIMIT $1[0m  [["LIMIT", 1]]
  [1m[36mUser Load (2.8ms)[0m  [1m[34mSELECT  "users".* FROM "users" WHERE "users"."id" = $1 LIMIT $2[0m  [["id", 1], ["LIMIT", 1]]
  [1m[36mItem Load (5.3ms)[0m  [1m[34mSELECT  "items".* FROM "items" WHERE "items"."id" = $1 LIMIT $2[0m  [["id", 1], ["LIMIT", 1]]
